<?xml version="1.0" encoding="UTF-8"?>
<testsuite xmlns:xsi="http://www.w3.org/2001/XMLSchema-instance" xsi:noNamespaceSchemaLocation="https://maven.apache.org/surefire/maven-surefire-plugin/xsd/surefire-test-report.xsd" name="numberrangesummarizer.NumberRangeSummarizerTest" time="0.062" tests="15" errors="0" skipped="0" failures="0">
  <properties>
[...]
</properties>
  <testcase name="testDuplicates" classname="numberrangesummarizer.NumberRangeSummarizerTest" time="0.029"/>
  <testcase name="testSequentialInput" classname="numberrangesummarizer.NumberRangeSummarizerTest" time="0"/>
  <testcase name="testEmptyInput" classname="numberrangesummarizer.NumberRangeSummarizerTest" time="0"/>
  <testcase name="testWhitespacesInput" classname="numberrangesummarizer.NumberRangeSummarizerTest" time="0"/>
  <testcase name="testNegativeNumbersInput" classname="numberrangesummarizer.NumberRangeSummarizerTest" time="0.001"/>
  <testcase name="testSingleNumberInput" classname="numberrangesummarizer.NumberRangeSummarizerTest" time="0"/>
  <testcase name="testAlphabetInput" classname="numberrangesummarizer.NumberRangeSummarizerTest" time="0"/>
  <testcase name="testAlphaNumericInput" classname="numberrangesummarizer.NumberRangeSummarizerTest" time="0"/>
  <testcase name="testUnsortedInput" classname="numberrangesummarizer.NumberRangeSummarizerTest" time="0"/>
  <testcase name="testDecimalInput" classname="numberrangesummarizer.NumberRangeSummarizerTest" time="0"/>
  <testcase name="testNonSequentialInput" classname="numberrangesummarizer.NumberRangeSummarizerTest" time="0"/>
  <testcase name="testNotCommaSeparated" classname="numberrangesummarizer.NumberRangeSummarizerTest" time="0"/>
  <testcase name="testNullInput" classname="numberrangesummarizer.NumberRangeSummarizerTest" time="0"/>
  <testcase name="testGivenInput" classname="numberrangesummarizer.NumberRangeSummarizerTest" time="0"/>
  <testcase name="testSpecialCharacterInput" classname="numberrangesummarizer.NumberRangeSummarizerTest" time="0"/>
</testsuite>